[2026-01-19T19:25:12.771+0000] {taskinstance.py:1956} INFO - Dependencies all met for dep_context=non-requeueable deps ti=<TaskInstance: healthcare_vitals_pipeline.vitals_stream_gold scheduled__2026-01-19T18:00:00+00:00 [queued]>
[2026-01-19T19:25:12.775+0000] {taskinstance.py:1956} INFO - Dependencies all met for dep_context=requeueable deps ti=<TaskInstance: healthcare_vitals_pipeline.vitals_stream_gold scheduled__2026-01-19T18:00:00+00:00 [queued]>
[2026-01-19T19:25:12.775+0000] {taskinstance.py:2170} INFO - Starting attempt 1 of 1
[2026-01-19T19:25:12.779+0000] {taskinstance.py:2191} INFO - Executing <Task(PythonOperator): vitals_stream_gold> on 2026-01-19 18:00:00+00:00
[2026-01-19T19:25:12.782+0000] {standard_task_runner.py:60} INFO - Started process 115 to run task
[2026-01-19T19:25:12.783+0000] {standard_task_runner.py:87} INFO - Running: ['***', 'tasks', 'run', 'healthcare_vitals_pipeline', 'vitals_stream_gold', 'scheduled__2026-01-19T18:00:00+00:00', '--job-id', '81', '--raw', '--subdir', 'DAGS_FOLDER/healthcare_vitals_pipeline.py', '--cfg-path', '/tmp/tmptbbi_8x9']
[2026-01-19T19:25:12.784+0000] {standard_task_runner.py:88} INFO - Job 81: Subtask vitals_stream_gold
[2026-01-19T19:25:12.800+0000] {task_command.py:423} INFO - Running <TaskInstance: healthcare_vitals_pipeline.vitals_stream_gold scheduled__2026-01-19T18:00:00+00:00 [running]> on host d05c5b12b72f
[2026-01-19T19:25:12.825+0000] {taskinstance.py:2480} INFO - Exporting env vars: AIRFLOW_CTX_DAG_OWNER='***' AIRFLOW_CTX_DAG_ID='healthcare_vitals_pipeline' AIRFLOW_CTX_TASK_ID='vitals_stream_gold' AIRFLOW_CTX_EXECUTION_DATE='2026-01-19T18:00:00+00:00' AIRFLOW_CTX_TRY_NUMBER='1' AIRFLOW_CTX_DAG_RUN_ID='scheduled__2026-01-19T18:00:00+00:00'
[2026-01-19T19:25:12.825+0000] {logging_mixin.py:188} INFO - Gold notebook executed
[2026-01-19T19:25:12.825+0000] {python.py:201} INFO - Done. Returned value was: None
[2026-01-19T19:25:12.828+0000] {taskinstance.py:1138} INFO - Marking task as SUCCESS. dag_id=healthcare_vitals_pipeline, task_id=vitals_stream_gold, execution_date=20260119T180000, start_date=20260119T192512, end_date=20260119T192512
[2026-01-19T19:25:12.841+0000] {local_task_job_runner.py:234} INFO - Task exited with return code 0
[2026-01-19T19:25:12.850+0000] {taskinstance.py:3280} INFO - 1 downstream tasks scheduled from follow-on schedule check
[2026-01-19T19:50:47.737+0000] {taskinstance.py:1956} INFO - Dependencies all met for dep_context=non-requeueable deps ti=<TaskInstance: healthcare_vitals_pipeline.vitals_stream_gold scheduled__2026-01-19T18:00:00+00:00 [queued]>
[2026-01-19T19:50:47.741+0000] {taskinstance.py:1956} INFO - Dependencies all met for dep_context=requeueable deps ti=<TaskInstance: healthcare_vitals_pipeline.vitals_stream_gold scheduled__2026-01-19T18:00:00+00:00 [queued]>
[2026-01-19T19:50:47.741+0000] {taskinstance.py:2170} INFO - Starting attempt 1 of 1
[2026-01-19T19:50:47.747+0000] {taskinstance.py:2191} INFO - Executing <Task(PythonOperator): vitals_stream_gold> on 2026-01-19 18:00:00+00:00
[2026-01-19T19:50:47.750+0000] {standard_task_runner.py:60} INFO - Started process 140 to run task
[2026-01-19T19:50:47.752+0000] {standard_task_runner.py:87} INFO - Running: ['***', 'tasks', 'run', 'healthcare_vitals_pipeline', 'vitals_stream_gold', 'scheduled__2026-01-19T18:00:00+00:00', '--job-id', '8', '--raw', '--subdir', 'DAGS_FOLDER/healthcare_vitals_pipeline.py', '--cfg-path', '/tmp/tmpnr1m1mqd']
[2026-01-19T19:50:47.754+0000] {standard_task_runner.py:88} INFO - Job 8: Subtask vitals_stream_gold
[2026-01-19T19:50:47.772+0000] {task_command.py:423} INFO - Running <TaskInstance: healthcare_vitals_pipeline.vitals_stream_gold scheduled__2026-01-19T18:00:00+00:00 [running]> on host e8adb0ac9589
[2026-01-19T19:50:47.798+0000] {taskinstance.py:2480} INFO - Exporting env vars: AIRFLOW_CTX_DAG_OWNER='***' AIRFLOW_CTX_DAG_ID='healthcare_vitals_pipeline' AIRFLOW_CTX_TASK_ID='vitals_stream_gold' AIRFLOW_CTX_EXECUTION_DATE='2026-01-19T18:00:00+00:00' AIRFLOW_CTX_TRY_NUMBER='1' AIRFLOW_CTX_DAG_RUN_ID='scheduled__2026-01-19T18:00:00+00:00'
[2026-01-19T19:50:47.799+0000] {logging_mixin.py:188} INFO - Gold notebook executed in Databricks CE
[2026-01-19T19:50:47.799+0000] {python.py:201} INFO - Done. Returned value was: None
[2026-01-19T19:50:47.803+0000] {taskinstance.py:1138} INFO - Marking task as SUCCESS. dag_id=healthcare_vitals_pipeline, task_id=vitals_stream_gold, execution_date=20260119T180000, start_date=20260119T195047, end_date=20260119T195047
[2026-01-19T19:50:47.849+0000] {local_task_job_runner.py:234} INFO - Task exited with return code 0
[2026-01-19T19:50:47.860+0000] {taskinstance.py:3280} INFO - 1 downstream tasks scheduled from follow-on schedule check
