[2026-01-19T19:25:10.369+0000] {taskinstance.py:1956} INFO - Dependencies all met for dep_context=non-requeueable deps ti=<TaskInstance: healthcare_vitals_pipeline.vitals_stream_bronze scheduled__2026-01-19T18:00:00+00:00 [queued]>
[2026-01-19T19:25:10.372+0000] {taskinstance.py:1956} INFO - Dependencies all met for dep_context=requeueable deps ti=<TaskInstance: healthcare_vitals_pipeline.vitals_stream_bronze scheduled__2026-01-19T18:00:00+00:00 [queued]>
[2026-01-19T19:25:10.373+0000] {taskinstance.py:2170} INFO - Starting attempt 1 of 1
[2026-01-19T19:25:10.377+0000] {taskinstance.py:2191} INFO - Executing <Task(PythonOperator): vitals_stream_bronze> on 2026-01-19 18:00:00+00:00
[2026-01-19T19:25:10.381+0000] {standard_task_runner.py:60} INFO - Started process 109 to run task
[2026-01-19T19:25:10.383+0000] {standard_task_runner.py:87} INFO - Running: ['***', 'tasks', 'run', 'healthcare_vitals_pipeline', 'vitals_stream_bronze', 'scheduled__2026-01-19T18:00:00+00:00', '--job-id', '79', '--raw', '--subdir', 'DAGS_FOLDER/healthcare_vitals_pipeline.py', '--cfg-path', '/tmp/tmp2f3kcdcv']
[2026-01-19T19:25:10.384+0000] {standard_task_runner.py:88} INFO - Job 79: Subtask vitals_stream_bronze
[2026-01-19T19:25:10.409+0000] {task_command.py:423} INFO - Running <TaskInstance: healthcare_vitals_pipeline.vitals_stream_bronze scheduled__2026-01-19T18:00:00+00:00 [running]> on host d05c5b12b72f
[2026-01-19T19:25:10.451+0000] {taskinstance.py:2480} INFO - Exporting env vars: AIRFLOW_CTX_DAG_OWNER='***' AIRFLOW_CTX_DAG_ID='healthcare_vitals_pipeline' AIRFLOW_CTX_TASK_ID='vitals_stream_bronze' AIRFLOW_CTX_EXECUTION_DATE='2026-01-19T18:00:00+00:00' AIRFLOW_CTX_TRY_NUMBER='1' AIRFLOW_CTX_DAG_RUN_ID='scheduled__2026-01-19T18:00:00+00:00'
[2026-01-19T19:25:10.452+0000] {logging_mixin.py:188} INFO - Bronze notebook executed
[2026-01-19T19:25:10.452+0000] {python.py:201} INFO - Done. Returned value was: None
[2026-01-19T19:25:10.457+0000] {taskinstance.py:1138} INFO - Marking task as SUCCESS. dag_id=healthcare_vitals_pipeline, task_id=vitals_stream_bronze, execution_date=20260119T180000, start_date=20260119T192510, end_date=20260119T192510
[2026-01-19T19:25:10.480+0000] {local_task_job_runner.py:234} INFO - Task exited with return code 0
[2026-01-19T19:25:10.493+0000] {taskinstance.py:3280} INFO - 1 downstream tasks scheduled from follow-on schedule check
[2026-01-19T19:50:45.053+0000] {taskinstance.py:1956} INFO - Dependencies all met for dep_context=non-requeueable deps ti=<TaskInstance: healthcare_vitals_pipeline.vitals_stream_bronze scheduled__2026-01-19T18:00:00+00:00 [queued]>
[2026-01-19T19:50:45.058+0000] {taskinstance.py:1956} INFO - Dependencies all met for dep_context=requeueable deps ti=<TaskInstance: healthcare_vitals_pipeline.vitals_stream_bronze scheduled__2026-01-19T18:00:00+00:00 [queued]>
[2026-01-19T19:50:45.058+0000] {taskinstance.py:2170} INFO - Starting attempt 1 of 1
[2026-01-19T19:50:45.066+0000] {taskinstance.py:2191} INFO - Executing <Task(PythonOperator): vitals_stream_bronze> on 2026-01-19 18:00:00+00:00
[2026-01-19T19:50:45.071+0000] {standard_task_runner.py:60} INFO - Started process 127 to run task
[2026-01-19T19:50:45.074+0000] {standard_task_runner.py:87} INFO - Running: ['***', 'tasks', 'run', 'healthcare_vitals_pipeline', 'vitals_stream_bronze', 'scheduled__2026-01-19T18:00:00+00:00', '--job-id', '4', '--raw', '--subdir', 'DAGS_FOLDER/healthcare_vitals_pipeline.py', '--cfg-path', '/tmp/tmpuq9mdewt']
[2026-01-19T19:50:45.076+0000] {standard_task_runner.py:88} INFO - Job 4: Subtask vitals_stream_bronze
[2026-01-19T19:50:45.102+0000] {task_command.py:423} INFO - Running <TaskInstance: healthcare_vitals_pipeline.vitals_stream_bronze scheduled__2026-01-19T18:00:00+00:00 [running]> on host e8adb0ac9589
[2026-01-19T19:50:45.144+0000] {taskinstance.py:2480} INFO - Exporting env vars: AIRFLOW_CTX_DAG_OWNER='***' AIRFLOW_CTX_DAG_ID='healthcare_vitals_pipeline' AIRFLOW_CTX_TASK_ID='vitals_stream_bronze' AIRFLOW_CTX_EXECUTION_DATE='2026-01-19T18:00:00+00:00' AIRFLOW_CTX_TRY_NUMBER='1' AIRFLOW_CTX_DAG_RUN_ID='scheduled__2026-01-19T18:00:00+00:00'
[2026-01-19T19:50:45.146+0000] {logging_mixin.py:188} INFO - Bronze notebook executed in Databricks CE
[2026-01-19T19:50:45.146+0000] {python.py:201} INFO - Done. Returned value was: None
[2026-01-19T19:50:45.152+0000] {taskinstance.py:1138} INFO - Marking task as SUCCESS. dag_id=healthcare_vitals_pipeline, task_id=vitals_stream_bronze, execution_date=20260119T180000, start_date=20260119T195045, end_date=20260119T195045
[2026-01-19T19:50:45.172+0000] {local_task_job_runner.py:234} INFO - Task exited with return code 0
[2026-01-19T19:50:45.206+0000] {taskinstance.py:3280} INFO - 1 downstream tasks scheduled from follow-on schedule check
