[2026-01-19T19:25:11.210+0000] {taskinstance.py:1956} INFO - Dependencies all met for dep_context=non-requeueable deps ti=<TaskInstance: healthcare_vitals_pipeline.vitals_stream_silver scheduled__2026-01-19T18:00:00+00:00 [queued]>
[2026-01-19T19:25:11.219+0000] {taskinstance.py:1956} INFO - Dependencies all met for dep_context=requeueable deps ti=<TaskInstance: healthcare_vitals_pipeline.vitals_stream_silver scheduled__2026-01-19T18:00:00+00:00 [queued]>
[2026-01-19T19:25:11.219+0000] {taskinstance.py:2170} INFO - Starting attempt 1 of 1
[2026-01-19T19:25:11.248+0000] {taskinstance.py:2191} INFO - Executing <Task(PythonOperator): vitals_stream_silver> on 2026-01-19 18:00:00+00:00
[2026-01-19T19:25:11.253+0000] {standard_task_runner.py:60} INFO - Started process 112 to run task
[2026-01-19T19:25:11.255+0000] {standard_task_runner.py:87} INFO - Running: ['***', 'tasks', 'run', 'healthcare_vitals_pipeline', 'vitals_stream_silver', 'scheduled__2026-01-19T18:00:00+00:00', '--job-id', '80', '--raw', '--subdir', 'DAGS_FOLDER/healthcare_vitals_pipeline.py', '--cfg-path', '/tmp/tmphf_1rayh']
[2026-01-19T19:25:11.258+0000] {standard_task_runner.py:88} INFO - Job 80: Subtask vitals_stream_silver
[2026-01-19T19:25:11.277+0000] {task_command.py:423} INFO - Running <TaskInstance: healthcare_vitals_pipeline.vitals_stream_silver scheduled__2026-01-19T18:00:00+00:00 [running]> on host d05c5b12b72f
[2026-01-19T19:25:11.308+0000] {taskinstance.py:2480} INFO - Exporting env vars: AIRFLOW_CTX_DAG_OWNER='***' AIRFLOW_CTX_DAG_ID='healthcare_vitals_pipeline' AIRFLOW_CTX_TASK_ID='vitals_stream_silver' AIRFLOW_CTX_EXECUTION_DATE='2026-01-19T18:00:00+00:00' AIRFLOW_CTX_TRY_NUMBER='1' AIRFLOW_CTX_DAG_RUN_ID='scheduled__2026-01-19T18:00:00+00:00'
[2026-01-19T19:25:11.309+0000] {logging_mixin.py:188} INFO - Silver notebook executed
[2026-01-19T19:25:11.309+0000] {python.py:201} INFO - Done. Returned value was: None
[2026-01-19T19:25:11.313+0000] {taskinstance.py:1138} INFO - Marking task as SUCCESS. dag_id=healthcare_vitals_pipeline, task_id=vitals_stream_silver, execution_date=20260119T180000, start_date=20260119T192511, end_date=20260119T192511
[2026-01-19T19:25:11.353+0000] {local_task_job_runner.py:234} INFO - Task exited with return code 0
[2026-01-19T19:25:11.367+0000] {taskinstance.py:3280} INFO - 1 downstream tasks scheduled from follow-on schedule check
[2026-01-19T19:50:46.530+0000] {taskinstance.py:1956} INFO - Dependencies all met for dep_context=non-requeueable deps ti=<TaskInstance: healthcare_vitals_pipeline.vitals_stream_silver scheduled__2026-01-19T18:00:00+00:00 [queued]>
[2026-01-19T19:50:46.535+0000] {taskinstance.py:1956} INFO - Dependencies all met for dep_context=requeueable deps ti=<TaskInstance: healthcare_vitals_pipeline.vitals_stream_silver scheduled__2026-01-19T18:00:00+00:00 [queued]>
[2026-01-19T19:50:46.535+0000] {taskinstance.py:2170} INFO - Starting attempt 1 of 1
[2026-01-19T19:50:46.541+0000] {taskinstance.py:2191} INFO - Executing <Task(PythonOperator): vitals_stream_silver> on 2026-01-19 18:00:00+00:00
[2026-01-19T19:50:46.544+0000] {standard_task_runner.py:60} INFO - Started process 134 to run task
[2026-01-19T19:50:46.545+0000] {standard_task_runner.py:87} INFO - Running: ['***', 'tasks', 'run', 'healthcare_vitals_pipeline', 'vitals_stream_silver', 'scheduled__2026-01-19T18:00:00+00:00', '--job-id', '6', '--raw', '--subdir', 'DAGS_FOLDER/healthcare_vitals_pipeline.py', '--cfg-path', '/tmp/tmp096igbla']
[2026-01-19T19:50:46.547+0000] {standard_task_runner.py:88} INFO - Job 6: Subtask vitals_stream_silver
[2026-01-19T19:50:46.571+0000] {task_command.py:423} INFO - Running <TaskInstance: healthcare_vitals_pipeline.vitals_stream_silver scheduled__2026-01-19T18:00:00+00:00 [running]> on host e8adb0ac9589
[2026-01-19T19:50:46.601+0000] {taskinstance.py:2480} INFO - Exporting env vars: AIRFLOW_CTX_DAG_OWNER='***' AIRFLOW_CTX_DAG_ID='healthcare_vitals_pipeline' AIRFLOW_CTX_TASK_ID='vitals_stream_silver' AIRFLOW_CTX_EXECUTION_DATE='2026-01-19T18:00:00+00:00' AIRFLOW_CTX_TRY_NUMBER='1' AIRFLOW_CTX_DAG_RUN_ID='scheduled__2026-01-19T18:00:00+00:00'
[2026-01-19T19:50:46.602+0000] {logging_mixin.py:188} INFO - Silver notebook executed in Databricks CE
[2026-01-19T19:50:46.602+0000] {python.py:201} INFO - Done. Returned value was: None
[2026-01-19T19:50:46.605+0000] {taskinstance.py:1138} INFO - Marking task as SUCCESS. dag_id=healthcare_vitals_pipeline, task_id=vitals_stream_silver, execution_date=20260119T180000, start_date=20260119T195046, end_date=20260119T195046
[2026-01-19T19:50:46.643+0000] {local_task_job_runner.py:234} INFO - Task exited with return code 0
[2026-01-19T19:50:46.655+0000] {taskinstance.py:3280} INFO - 1 downstream tasks scheduled from follow-on schedule check
